2026-06-14 10:53:24,643 | INFO | Application started
2026-06-14 10:53:24,643 | WARNING | This is a warning
2026-06-14 10:53:24,643 | ERROR | Sample error
2026-06-14 10:55:26,492 | INFO | Downloading TCS.NS | Period=1y | Interval=1d
2026-06-14 10:58:16,674 | INFO | Downloading TCS.NS | Period=1y | Interval=1d
2026-06-14 11:01:17,165 | INFO | Downloading TCS.NS | Period=1y | Interval=1d
2026-06-14 11:02:12,933 | INFO | Downloading TCS.NS | Period=1y | Interval=1d
2026-06-14 12:54:56,473 | INFO | Downloading TCS.NS | Period=1y | Interval=1d
2026-06-14 12:59:49,147 | INFO | Downloading RELIANCE.NS | Period=1y | Interval=1d
2026-06-14 12:59:50,407 | INFO | Downloading TCS.NS | Period=1y | Interval=1d
2026-06-14 12:59:50,760 | INFO | Downloading INFY.NS | Period=1y | Interval=1d
2026-06-14 12:59:51,311 | INFO | Downloading HDFCBANK.NS | Period=1y | Interval=1d
2026-06-14 12:59:51,816 | INFO | Downloading ICICIBANK.NS | Period=1y | Interval=1d
2026-06-14 12:59:52,289 | INFO | Downloading LT.NS | Period=1y | Interval=1d
2026-06-14 12:59:52,760 | INFO | Downloading SBIN.NS | Period=1y | Interval=1d
2026-06-14 12:59:53,275 | INFO | Downloading ITC.NS | Period=1y | Interval=1d
2026-06-14 12:59:53,785 | INFO | Downloading BHARTIARTL.NS | Period=1y | Interval=1d
2026-06-14 12:59:54,222 | INFO | Downloading HINDUNILVR.NS | Period=1y | Interval=1d
2026-06-14 13:02:51,788 | INFO | Downloading RELIANCE.NS | Period=1y | Interval=1d
2026-06-14 13:02:52,934 | INFO | Downloading TCS.NS | Period=1y | Interval=1d
2026-06-14 13:02:53,314 | INFO | Downloading INFY.NS | Period=1y | Interval=1d
2026-06-14 13:02:53,647 | INFO | Downloading HDFCBANK.NS | Period=1y | Interval=1d
2026-06-14 13:02:54,101 | INFO | Downloading ICICIBANK.NS | Period=1y | Interval=1d
2026-06-14 13:02:54,416 | INFO | Downloading LT.NS | Period=1y | Interval=1d
2026-06-14 13:02:54,858 | INFO | Downloading SBIN.NS | Period=1y | Interval=1d
2026-06-14 13:02:55,622 | INFO | Downloading ITC.NS | Period=1y | Interval=1d
2026-06-14 13:02:55,958 | INFO | Downloading BHARTIARTL.NS | Period=1y | Interval=1d
2026-06-14 13:02:56,241 | INFO | Downloading HINDUNILVR.NS | Period=1y | Interval=1d
2026-06-14 13:04:17,817 | INFO | Downloading TCS.NS | Period=1y | Interval=1d
2026-06-14 13:30:10,136 | INFO | Downloading TCS.NS | Period=2y | Interval=1d
2026-06-14 13:31:54,741 | INFO | Downloading TCS.NS | Period=1y | Interval=1d
2026-06-14 13:35:33,589 | INFO | Downloading TCS.NS | Period=1y | Interval=1d
2026-06-14 13:35:51,088 | INFO | Downloading RELIANCE.NS | Period=1y | Interval=1d
2026-06-14 13:35:51,519 | INFO | Downloading INFY.NS | Period=1y | Interval=1d
2026-06-14 13:35:51,867 | INFO | Downloading HDFCBANK.NS | Period=1y | Interval=1d
2026-06-14 13:35:52,185 | INFO | Downloading ICICIBANK.NS | Period=1y | Interval=1d
2026-06-14 13:35:52,470 | INFO | Downloading LT.NS | Period=1y | Interval=1d
2026-06-14 13:35:52,838 | INFO | Downloading SBIN.NS | Period=1y | Interval=1d
2026-06-14 13:35:53,188 | INFO | Downloading ITC.NS | Period=1y | Interval=1d
2026-06-14 13:36:14,398 | INFO | Downloading TCS.NS | Period=2y | Interval=1d
2026-06-14 13:39:31,029 | ERROR | Exception in callback _ProactorBasePipeTransport._call_connection_lost(None)
handle: <Handle _ProactorBasePipeTransport._call_connection_lost(None)>
Traceback (most recent call last):
  File "C:\Users\ADMIN\AppData\Local\Programs\Python\Python312\Lib\asyncio\events.py", line 88, in _run
    self._context.run(self._callback, *self._args)
  File "C:\Users\ADMIN\AppData\Local\Programs\Python\Python312\Lib\asyncio\proactor_events.py", line 165, in _call_connection_lost
    self._sock.shutdown(socket.SHUT_RDWR)
ConnectionResetError: [WinError 10054] An existing connection was forcibly closed by the remote host
2026-06-14 13:43:44,533 | INFO | Downloading ADANIENT.NS | Period=1y | Interval=1d
2026-06-14 13:43:45,528 | INFO | Downloading ADANIPORTS.NS | Period=1y | Interval=1d
2026-06-14 13:43:45,959 | INFO | Downloading APOLLOHOSP.NS | Period=1y | Interval=1d
2026-06-14 13:43:46,496 | INFO | Downloading ASIANPAINT.NS | Period=1y | Interval=1d
2026-06-14 13:43:47,092 | INFO | Downloading AXISBANK.NS | Period=1y | Interval=1d
2026-06-14 13:43:47,697 | INFO | Downloading BAJAJ-AUTO.NS | Period=1y | Interval=1d
2026-06-14 13:43:48,139 | INFO | Downloading BAJFINANCE.NS | Period=1y | Interval=1d
2026-06-14 13:43:48,641 | INFO | Downloading BAJAJFINSV.NS | Period=1y | Interval=1d
2026-06-14 13:43:49,171 | INFO | Downloading BEL.NS | Period=1y | Interval=1d
2026-06-14 13:43:49,609 | INFO | Downloading BHARTIARTL.NS | Period=1y | Interval=1d
2026-06-14 13:43:49,936 | INFO | Downloading CIPLA.NS | Period=1y | Interval=1d
2026-06-14 13:43:50,541 | INFO | Downloading COALINDIA.NS | Period=1y | Interval=1d
2026-06-14 13:43:51,038 | INFO | Downloading DRREDDY.NS | Period=1y | Interval=1d
2026-06-14 13:43:51,520 | INFO | Downloading EICHERMOT.NS | Period=1y | Interval=1d
2026-06-14 13:43:52,134 | INFO | Downloading ETERNAL.NS | Period=1y | Interval=1d
2026-06-14 13:43:52,565 | INFO | Downloading GRASIM.NS | Period=1y | Interval=1d
2026-06-14 13:43:53,115 | INFO | Downloading HCLTECH.NS | Period=1y | Interval=1d
2026-06-14 13:43:53,580 | INFO | Downloading HDFCBANK.NS | Period=1y | Interval=1d
2026-06-14 13:43:53,917 | INFO | Downloading HDFCLIFE.NS | Period=1y | Interval=1d
2026-06-14 13:43:54,463 | INFO | Downloading HEROMOTOCO.NS | Period=1y | Interval=1d
2026-06-14 13:43:54,996 | INFO | Downloading HINDALCO.NS | Period=1y | Interval=1d
2026-06-14 13:43:55,595 | INFO | Downloading HINDUNILVR.NS | Period=1y | Interval=1d
2026-06-14 13:43:56,127 | INFO | Downloading ICICIBANK.NS | Period=1y | Interval=1d
2026-06-14 13:43:56,432 | INFO | Downloading INDUSINDBK.NS | Period=1y | Interval=1d
2026-06-14 13:43:56,959 | INFO | Downloading INFY.NS | Period=1y | Interval=1d
2026-06-14 13:43:57,324 | INFO | Downloading ITC.NS | Period=1y | Interval=1d
2026-06-14 13:43:57,624 | INFO | Downloading JIOFIN.NS | Period=1y | Interval=1d
2026-06-14 13:43:58,221 | INFO | Downloading JSWSTEEL.NS | Period=1y | Interval=1d
2026-06-14 13:43:58,743 | INFO | Downloading KOTAKBANK.NS | Period=1y | Interval=1d
2026-06-14 13:43:59,339 | INFO | Downloading LT.NS | Period=1y | Interval=1d
2026-06-14 13:43:59,687 | INFO | Downloading M&M.NS | Period=1y | Interval=1d
2026-06-14 13:44:00,186 | INFO | Downloading MARUTI.NS | Period=1y | Interval=1d
2026-06-14 13:44:00,740 | INFO | Downloading NESTLEIND.NS | Period=1y | Interval=1d
2026-06-14 13:44:01,316 | INFO | Downloading NTPC.NS | Period=1y | Interval=1d
2026-06-14 13:44:01,805 | INFO | Downloading ONGC.NS | Period=1y | Interval=1d
2026-06-14 13:44:02,559 | INFO | Downloading POWERGRID.NS | Period=1y | Interval=1d
2026-06-14 13:44:03,019 | INFO | Downloading RELIANCE.NS | Period=1y | Interval=1d
2026-06-14 13:44:03,398 | INFO | Downloading SBILIFE.NS | Period=1y | Interval=1d
2026-06-14 13:44:03,842 | INFO | Downloading SBIN.NS | Period=1y | Interval=1d
2026-06-14 13:44:04,168 | INFO | Downloading SHRIRAMFIN.NS | Period=1y | Interval=1d
2026-06-14 13:44:04,670 | INFO | Downloading SUNPHARMA.NS | Period=1y | Interval=1d
2026-06-14 13:44:05,182 | INFO | Downloading TATACONSUM.NS | Period=1y | Interval=1d
2026-06-14 13:44:05,680 | INFO | Downloading TATAMOTORS.NS | Period=1y | Interval=1d
2026-06-14 13:44:07,808 | ERROR | HTTP Error 404: {"quoteSummary":{"result":null,"error":{"code":"Not Found","description":"Quote not found for symbol: TATAMOTORS.NS"}}}
2026-06-14 13:44:08,696 | ERROR | $TATAMOTORS.NS: possibly delisted; no price data found  (period=1y) (Yahoo error = "No data found, symbol may be delisted")
2026-06-14 13:44:08,706 | ERROR | 
1 Failed download:
2026-06-14 13:44:08,707 | ERROR | ['TATAMOTORS.NS']: possibly delisted; no price data found  (period=1y) (Yahoo error = "No data found, symbol may be delisted")
2026-06-14 13:44:08,724 | ERROR | No data returned for TATAMOTORS.NS
2026-06-14 13:44:08,724 | INFO | Downloading TATASTEEL.NS | Period=1y | Interval=1d
2026-06-14 13:44:09,179 | INFO | Downloading TCS.NS | Period=1y | Interval=1d
2026-06-14 13:44:09,538 | INFO | Downloading TECHM.NS | Period=1y | Interval=1d
2026-06-14 13:44:10,152 | INFO | Downloading TITAN.NS | Period=1y | Interval=1d
2026-06-14 13:44:10,659 | INFO | Downloading TRENT.NS | Period=1y | Interval=1d
2026-06-14 13:44:11,153 | INFO | Downloading ULTRACEMCO.NS | Period=1y | Interval=1d
2026-06-14 13:44:11,624 | INFO | Downloading WIPRO.NS | Period=1y | Interval=1d
2026-06-14 13:44:40,443 | INFO | Downloading TCS.NS | Period=2y | Interval=1d
2026-06-14 13:46:07,941 | INFO | Downloading ADANIENT.NS | Period=1y | Interval=1d
2026-06-14 13:46:08,854 | INFO | Downloading ADANIPORTS.NS | Period=1y | Interval=1d
2026-06-14 13:46:09,406 | INFO | Downloading APOLLOHOSP.NS | Period=1y | Interval=1d
2026-06-14 13:46:09,901 | INFO | Downloading ASIANPAINT.NS | Period=1y | Interval=1d
2026-06-14 13:46:10,219 | INFO | Downloading AXISBANK.NS | Period=1y | Interval=1d
2026-06-14 13:46:10,813 | INFO | Downloading BAJAJ-AUTO.NS | Period=1y | Interval=1d
2026-06-14 13:46:11,123 | INFO | Downloading BAJFINANCE.NS | Period=1y | Interval=1d
2026-06-14 13:46:11,476 | INFO | Downloading BAJAJFINSV.NS | Period=1y | Interval=1d
2026-06-14 13:46:11,811 | INFO | Downloading BEL.NS | Period=1y | Interval=1d
2026-06-14 13:46:12,144 | INFO | Downloading BHARTIARTL.NS | Period=1y | Interval=1d
2026-06-14 13:46:12,426 | INFO | Downloading CIPLA.NS | Period=1y | Interval=1d
2026-06-14 13:46:12,743 | INFO | Downloading COALINDIA.NS | Period=1y | Interval=1d
2026-06-14 13:46:13,090 | INFO | Downloading DRREDDY.NS | Period=1y | Interval=1d
2026-06-14 13:46:13,425 | INFO | Downloading EICHERMOT.NS | Period=1y | Interval=1d
2026-06-14 13:46:13,743 | INFO | Downloading ETERNAL.NS | Period=1y | Interval=1d
2026-06-14 13:46:14,039 | INFO | Downloading GRASIM.NS | Period=1y | Interval=1d
2026-06-14 13:46:14,499 | INFO | Downloading HCLTECH.NS | Period=1y | Interval=1d
2026-06-14 13:46:14,809 | INFO | Downloading HDFCBANK.NS | Period=1y | Interval=1d
2026-06-14 13:46:15,154 | INFO | Downloading HDFCLIFE.NS | Period=1y | Interval=1d
2026-06-14 13:46:15,539 | INFO | Downloading HEROMOTOCO.NS | Period=1y | Interval=1d
2026-06-14 13:46:15,858 | INFO | Downloading HINDALCO.NS | Period=1y | Interval=1d
2026-06-14 13:46:16,369 | INFO | Downloading HINDUNILVR.NS | Period=1y | Interval=1d
2026-06-14 13:46:16,840 | INFO | Downloading ICICIBANK.NS | Period=1y | Interval=1d
2026-06-14 13:46:17,187 | INFO | Downloading INDUSINDBK.NS | Period=1y | Interval=1d
2026-06-14 13:46:17,509 | INFO | Downloading INFY.NS | Period=1y | Interval=1d
2026-06-14 13:46:17,851 | INFO | Downloading ITC.NS | Period=1y | Interval=1d
2026-06-14 13:46:18,340 | INFO | Downloading JIOFIN.NS | Period=1y | Interval=1d
2026-06-14 13:46:18,616 | INFO | Downloading JSWSTEEL.NS | Period=1y | Interval=1d
2026-06-14 13:46:18,916 | INFO | Downloading KOTAKBANK.NS | Period=1y | Interval=1d
2026-06-14 13:46:19,248 | INFO | Downloading LT.NS | Period=1y | Interval=1d
2026-06-14 13:46:19,553 | INFO | Downloading M&M.NS | Period=1y | Interval=1d
2026-06-14 13:46:19,980 | INFO | Downloading MARUTI.NS | Period=1y | Interval=1d
2026-06-14 13:46:20,296 | INFO | Downloading NESTLEIND.NS | Period=1y | Interval=1d
2026-06-14 13:46:20,624 | INFO | Downloading NTPC.NS | Period=1y | Interval=1d
2026-06-14 13:46:21,055 | INFO | Downloading ONGC.NS | Period=1y | Interval=1d
2026-06-14 13:46:21,400 | INFO | Downloading POWERGRID.NS | Period=1y | Interval=1d
2026-06-14 13:46:21,732 | INFO | Downloading RELIANCE.NS | Period=1y | Interval=1d
2026-06-14 13:46:22,087 | INFO | Downloading SBILIFE.NS | Period=1y | Interval=1d
2026-06-14 13:46:22,379 | INFO | Downloading SBIN.NS | Period=1y | Interval=1d
2026-06-14 13:46:22,694 | INFO | Downloading SHRIRAMFIN.NS | Period=1y | Interval=1d
2026-06-14 13:46:22,990 | INFO | Downloading SUNPHARMA.NS | Period=1y | Interval=1d
2026-06-14 13:46:23,315 | INFO | Downloading TATACONSUM.NS | Period=1y | Interval=1d
2026-06-14 13:46:23,735 | INFO | Downloading TATAMOTORS.NS | Period=1y | Interval=1d
2026-06-14 13:46:25,191 | ERROR | HTTP Error 404: {"quoteSummary":{"result":null,"error":{"code":"Not Found","description":"Quote not found for symbol: TATAMOTORS.NS"}}}
2026-06-14 13:46:26,324 | ERROR | $TATAMOTORS.NS: possibly delisted; no price data found  (period=1y) (Yahoo error = "No data found, symbol may be delisted")
2026-06-14 13:46:26,332 | ERROR | 
1 Failed download:
2026-06-14 13:46:26,332 | ERROR | ['TATAMOTORS.NS']: possibly delisted; no price data found  (period=1y) (Yahoo error = "No data found, symbol may be delisted")
2026-06-14 13:46:26,340 | ERROR | No data returned for TATAMOTORS.NS
2026-06-14 13:46:26,353 | INFO | Downloading TATASTEEL.NS | Period=1y | Interval=1d
2026-06-14 13:46:26,819 | INFO | Downloading TCS.NS | Period=1y | Interval=1d
2026-06-14 13:46:27,139 | INFO | Downloading TECHM.NS | Period=1y | Interval=1d
2026-06-14 13:46:27,447 | INFO | Downloading TITAN.NS | Period=1y | Interval=1d
2026-06-14 13:46:27,845 | INFO | Downloading TRENT.NS | Period=1y | Interval=1d
2026-06-14 13:46:28,150 | INFO | Downloading ULTRACEMCO.NS | Period=1y | Interval=1d
2026-06-14 13:46:28,581 | INFO | Downloading WIPRO.NS | Period=1y | Interval=1d
2026-06-14 16:07:18,387 | INFO | Downloading TCS.NS | Period=1y | Interval=1d
2026-06-14 16:07:33,276 | INFO | Downloading ADANIENT.NS | Period=1y | Interval=1d
2026-06-14 16:07:34,563 | INFO | Downloading ADANIPORTS.NS | Period=1y | Interval=1d
2026-06-14 16:07:37,536 | INFO | Downloading APOLLOHOSP.NS | Period=1y | Interval=1d
2026-06-14 16:07:39,166 | INFO | Downloading ASIANPAINT.NS | Period=1y | Interval=1d
2026-06-14 16:07:39,633 | INFO | Downloading AXISBANK.NS | Period=1y | Interval=1d
2026-06-14 16:07:41,470 | INFO | Downloading BAJAJ-AUTO.NS | Period=1y | Interval=1d
2026-06-14 16:07:42,778 | INFO | Downloading BAJFINANCE.NS | Period=1y | Interval=1d
2026-06-14 16:07:43,697 | INFO | Downloading BAJAJFINSV.NS | Period=1y | Interval=1d
2026-06-14 16:07:44,137 | INFO | Downloading BEL.NS | Period=1y | Interval=1d
2026-06-14 16:07:48,219 | INFO | Downloading BHARTIARTL.NS | Period=1y | Interval=1d
2026-06-14 16:07:48,625 | INFO | Downloading CIPLA.NS | Period=1y | Interval=1d
2026-06-14 16:07:49,116 | INFO | Downloading COALINDIA.NS | Period=1y | Interval=1d
2026-06-14 16:07:50,171 | INFO | Downloading DRREDDY.NS | Period=1y | Interval=1d
2026-06-14 16:07:50,532 | INFO | Downloading EICHERMOT.NS | Period=1y | Interval=1d
2026-06-14 16:07:51,037 | INFO | Downloading ETERNAL.NS | Period=1y | Interval=1d
2026-06-14 16:07:51,354 | INFO | Downloading GRASIM.NS | Period=1y | Interval=1d
2026-06-14 16:07:51,732 | INFO | Downloading HCLTECH.NS | Period=1y | Interval=1d
2026-06-14 16:07:52,118 | INFO | Downloading HDFCBANK.NS | Period=1y | Interval=1d
2026-06-14 16:07:52,562 | INFO | Downloading HDFCLIFE.NS | Period=1y | Interval=1d
2026-06-14 16:07:52,876 | INFO | Downloading HEROMOTOCO.NS | Period=1y | Interval=1d
2026-06-14 16:07:53,283 | INFO | Downloading HINDALCO.NS | Period=1y | Interval=1d
2026-06-14 16:07:53,643 | INFO | Downloading HINDUNILVR.NS | Period=1y | Interval=1d
2026-06-14 16:07:53,993 | INFO | Downloading ICICIBANK.NS | Period=1y | Interval=1d
2026-06-14 16:07:54,363 | INFO | Downloading INDUSINDBK.NS | Period=1y | Interval=1d
2026-06-14 16:07:54,657 | INFO | Downloading INFY.NS | Period=1y | Interval=1d
2026-06-14 16:07:55,007 | INFO | Downloading ITC.NS | Period=1y | Interval=1d
2026-06-14 16:07:55,360 | INFO | Downloading JIOFIN.NS | Period=1y | Interval=1d
2026-06-14 16:07:55,644 | INFO | Downloading JSWSTEEL.NS | Period=1y | Interval=1d
2026-06-14 16:07:56,017 | INFO | Downloading KOTAKBANK.NS | Period=1y | Interval=1d
2026-06-14 16:07:56,637 | INFO | Downloading LT.NS | Period=1y | Interval=1d
2026-06-14 16:07:57,038 | INFO | Downloading M&M.NS | Period=1y | Interval=1d
2026-06-14 16:07:57,385 | INFO | Downloading MARUTI.NS | Period=1y | Interval=1d
2026-06-14 16:07:57,796 | INFO | Downloading NESTLEIND.NS | Period=1y | Interval=1d
2026-06-14 16:07:58,100 | INFO | Downloading NTPC.NS | Period=1y | Interval=1d
2026-06-14 16:07:58,517 | INFO | Downloading ONGC.NS | Period=1y | Interval=1d
2026-06-14 16:07:58,882 | INFO | Downloading POWERGRID.NS | Period=1y | Interval=1d
2026-06-14 16:07:59,276 | INFO | Downloading RELIANCE.NS | Period=1y | Interval=1d
2026-06-14 16:07:59,664 | INFO | Downloading SBILIFE.NS | Period=1y | Interval=1d
2026-06-14 16:07:59,948 | INFO | Downloading SBIN.NS | Period=1y | Interval=1d
2026-06-14 16:08:00,260 | INFO | Downloading SHRIRAMFIN.NS | Period=1y | Interval=1d
2026-06-14 16:08:00,630 | INFO | Downloading SUNPHARMA.NS | Period=1y | Interval=1d
2026-06-14 16:08:01,032 | INFO | Downloading TATACONSUM.NS | Period=1y | Interval=1d
2026-06-14 16:08:01,397 | INFO | Downloading TATAMOTORS.NS | Period=1y | Interval=1d
2026-06-14 16:08:02,545 | ERROR | HTTP Error 404: {"quoteSummary":{"result":null,"error":{"code":"Not Found","description":"Quote not found for symbol: TATAMOTORS.NS"}}}
2026-06-14 16:08:03,212 | ERROR | $TATAMOTORS.NS: possibly delisted; no price data found  (period=1y) (Yahoo error = "No data found, symbol may be delisted")
2026-06-14 16:08:03,223 | ERROR | 
1 Failed download:
2026-06-14 16:08:03,223 | ERROR | ['TATAMOTORS.NS']: possibly delisted; no price data found  (period=1y) (Yahoo error = "No data found, symbol may be delisted")
2026-06-14 16:08:03,247 | ERROR | No data returned for TATAMOTORS.NS
2026-06-14 16:08:03,255 | INFO | Downloading TATASTEEL.NS | Period=1y | Interval=1d
2026-06-14 16:08:03,686 | INFO | Downloading TECHM.NS | Period=1y | Interval=1d
2026-06-14 16:08:04,015 | INFO | Downloading TITAN.NS | Period=1y | Interval=1d
2026-06-14 16:08:04,327 | INFO | Downloading TRENT.NS | Period=1y | Interval=1d
2026-06-14 16:08:04,678 | INFO | Downloading ULTRACEMCO.NS | Period=1y | Interval=1d
2026-06-14 16:08:05,058 | INFO | Downloading WIPRO.NS | Period=1y | Interval=1d
2026-06-14 16:08:27,815 | INFO | Downloading TCS.NS | Period=2y | Interval=1d
2026-06-14 16:21:53,482 | INFO | Downloading TCS.NS | Period=1y | Interval=1d
2026-06-14 16:21:54,278 | INFO | Downloading ^NSEI | Period=1y | Interval=1d
2026-06-14 16:38:44,855 | INFO | Downloading TCS.NS | Period=1y | Interval=1d
2026-06-14 16:38:45,714 | INFO | Downloading ^NSEI | Period=1y | Interval=1d
2026-06-14 16:42:15,932 | INFO | Downloading TCS.NS | Period=1y | Interval=1d
2026-06-14 16:42:16,822 | INFO | Downloading ^NSEI | Period=1y | Interval=1d
2026-06-14 16:48:42,367 | INFO | Downloading RELIANCE.NS | Period=1y | Interval=1d
2026-06-14 16:48:43,203 | INFO | Downloading ^NSEI | Period=1y | Interval=1d
2026-06-14 16:48:43,419 | INFO | Downloading RELIANCE.NS | Period=1y | Interval=1d
2026-06-14 16:48:43,586 | INFO | Downloading RELIANCE.NS | Period=2y | Interval=1wk
2026-06-14 16:48:43,873 | INFO | Downloading TCS.NS | Period=1y | Interval=1d
2026-06-14 16:48:44,173 | INFO | Downloading TCS.NS | Period=1y | Interval=1d
2026-06-14 16:48:44,317 | INFO | Downloading TCS.NS | Period=2y | Interval=1wk
2026-06-14 16:48:44,589 | INFO | Downloading INFY.NS | Period=1y | Interval=1d
2026-06-14 16:48:44,834 | INFO | Downloading INFY.NS | Period=1y | Interval=1d
2026-06-14 16:48:45,082 | INFO | Downloading INFY.NS | Period=2y | Interval=1wk
2026-06-14 16:48:45,366 | INFO | Downloading HDFCBANK.NS | Period=1y | Interval=1d
2026-06-14 16:48:45,665 | INFO | Downloading HDFCBANK.NS | Period=1y | Interval=1d
2026-06-14 16:48:45,904 | INFO | Downloading HDFCBANK.NS | Period=2y | Interval=1wk
2026-06-14 16:48:46,174 | INFO | Downloading ICICIBANK.NS | Period=1y | Interval=1d
2026-06-14 16:48:46,431 | INFO | Downloading ICICIBANK.NS | Period=1y | Interval=1d
2026-06-14 16:48:46,672 | INFO | Downloading ICICIBANK.NS | Period=2y | Interval=1wk
2026-06-14 16:48:46,947 | INFO | Downloading SBIN.NS | Period=1y | Interval=1d
2026-06-14 16:48:47,230 | INFO | Downloading SBIN.NS | Period=1y | Interval=1d
2026-06-14 16:48:47,446 | INFO | Downloading SBIN.NS | Period=2y | Interval=1wk
2026-06-14 16:48:47,697 | INFO | Downloading LT.NS | Period=1y | Interval=1d
2026-06-14 16:48:47,978 | INFO | Downloading LT.NS | Period=1y | Interval=1d
2026-06-14 16:48:48,268 | INFO | Downloading LT.NS | Period=2y | Interval=1wk
2026-06-14 16:48:48,489 | INFO | Downloading ITC.NS | Period=1y | Interval=1d
2026-06-14 16:48:48,760 | INFO | Downloading ITC.NS | Period=1y | Interval=1d
2026-06-14 16:48:48,911 | INFO | Downloading ITC.NS | Period=2y | Interval=1wk
2026-06-14 16:48:49,193 | INFO | Downloading AXISBANK.NS | Period=1y | Interval=1d
2026-06-14 16:48:49,459 | INFO | Downloading AXISBANK.NS | Period=1y | Interval=1d
2026-06-14 16:48:49,725 | INFO | Downloading AXISBANK.NS | Period=2y | Interval=1wk
2026-06-14 16:48:49,975 | INFO | Downloading KOTAKBANK.NS | Period=1y | Interval=1d
2026-06-14 16:48:50,258 | INFO | Downloading KOTAKBANK.NS | Period=1y | Interval=1d
2026-06-14 16:48:50,490 | INFO | Downloading KOTAKBANK.NS | Period=2y | Interval=1wk
2026-06-14 16:48:50,824 | INFO | Downloading BHARTIARTL.NS | Period=1y | Interval=1d
2026-06-14 16:48:51,140 | INFO | Downloading BHARTIARTL.NS | Period=1y | Interval=1d
2026-06-14 16:48:51,290 | INFO | Downloading BHARTIARTL.NS | Period=2y | Interval=1wk
2026-06-14 16:48:51,540 | INFO | Downloading HCLTECH.NS | Period=1y | Interval=1d
2026-06-14 16:48:51,805 | INFO | Downloading HCLTECH.NS | Period=1y | Interval=1d
2026-06-14 16:48:52,137 | INFO | Downloading HCLTECH.NS | Period=2y | Interval=1wk
2026-06-14 16:48:52,438 | INFO | Downloading ASIANPAINT.NS | Period=1y | Interval=1d
2026-06-14 16:48:52,738 | INFO | Downloading ASIANPAINT.NS | Period=1y | Interval=1d
2026-06-14 16:48:52,859 | INFO | Downloading ASIANPAINT.NS | Period=2y | Interval=1wk
2026-06-14 16:48:53,087 | INFO | Downloading MARUTI.NS | Period=1y | Interval=1d
2026-06-14 16:48:53,354 | INFO | Downloading MARUTI.NS | Period=1y | Interval=1d
2026-06-14 16:48:53,629 | INFO | Downloading MARUTI.NS | Period=2y | Interval=1wk
2026-06-14 16:48:53,852 | INFO | Downloading SUNPHARMA.NS | Period=1y | Interval=1d
2026-06-14 16:48:54,152 | INFO | Downloading SUNPHARMA.NS | Period=1y | Interval=1d
2026-06-14 16:48:54,319 | INFO | Downloading SUNPHARMA.NS | Period=2y | Interval=1wk
2026-06-14 18:37:12,276 | INFO | Downloading TCS.NS | Period=1y | Interval=1d
2026-06-14 18:37:15,038 | INFO | Downloading ^NSEI | Period=1y | Interval=1d
2026-06-14 18:37:15,803 | INFO | Downloading TCS.NS | Period=1y | Interval=1d
2026-06-14 18:37:16,086 | INFO | Downloading TCS.NS | Period=2y | Interval=1wk
2026-06-14 18:38:37,526 | INFO | Downloading RELIANCE.NS | Period=1y | Interval=1d
2026-06-14 18:38:38,736 | INFO | Downloading RELIANCE.NS | Period=1y | Interval=1d
2026-06-14 18:38:39,440 | INFO | Downloading RELIANCE.NS | Period=2y | Interval=1wk
2026-06-14 18:38:40,851 | INFO | Downloading INFY.NS | Period=1y | Interval=1d
2026-06-14 18:38:42,085 | INFO | Downloading INFY.NS | Period=1y | Interval=1d
2026-06-14 18:38:42,518 | INFO | Downloading INFY.NS | Period=2y | Interval=1wk
2026-06-14 18:38:43,063 | INFO | Downloading HDFCBANK.NS | Period=1y | Interval=1d
2026-06-14 18:38:43,514 | INFO | Downloading HDFCBANK.NS | Period=1y | Interval=1d
2026-06-14 18:38:43,914 | INFO | Downloading HDFCBANK.NS | Period=2y | Interval=1wk
2026-06-14 18:38:44,472 | INFO | Downloading ICICIBANK.NS | Period=1y | Interval=1d
2026-06-14 18:38:44,897 | INFO | Downloading ICICIBANK.NS | Period=1y | Interval=1d
2026-06-14 18:38:45,380 | INFO | Downloading ICICIBANK.NS | Period=2y | Interval=1wk
2026-06-14 18:38:45,794 | INFO | Downloading SBIN.NS | Period=1y | Interval=1d
2026-06-14 18:38:46,208 | INFO | Downloading SBIN.NS | Period=1y | Interval=1d
2026-06-14 18:38:46,708 | INFO | Downloading SBIN.NS | Period=2y | Interval=1wk
2026-06-14 18:38:47,158 | INFO | Downloading LT.NS | Period=1y | Interval=1d
2026-06-14 18:38:47,619 | INFO | Downloading LT.NS | Period=1y | Interval=1d
2026-06-14 18:38:48,093 | INFO | Downloading LT.NS | Period=2y | Interval=1wk
2026-06-14 18:38:48,521 | INFO | Downloading ITC.NS | Period=1y | Interval=1d
2026-06-14 18:38:49,034 | INFO | Downloading ITC.NS | Period=1y | Interval=1d
2026-06-14 18:38:49,555 | INFO | Downloading ITC.NS | Period=2y | Interval=1wk
2026-06-14 18:38:49,989 | INFO | Downloading AXISBANK.NS | Period=1y | Interval=1d
2026-06-14 18:38:50,402 | INFO | Downloading AXISBANK.NS | Period=1y | Interval=1d
2026-06-14 18:38:50,923 | INFO | Downloading AXISBANK.NS | Period=2y | Interval=1wk
2026-06-14 18:38:51,405 | INFO | Downloading KOTAKBANK.NS | Period=1y | Interval=1d
2026-06-14 18:38:51,893 | INFO | Downloading KOTAKBANK.NS | Period=1y | Interval=1d
2026-06-14 18:38:52,367 | INFO | Downloading KOTAKBANK.NS | Period=2y | Interval=1wk
2026-06-14 18:38:52,848 | INFO | Downloading BHARTIARTL.NS | Period=1y | Interval=1d
2026-06-14 18:38:53,320 | INFO | Downloading BHARTIARTL.NS | Period=1y | Interval=1d
2026-06-14 18:38:53,881 | INFO | Downloading BHARTIARTL.NS | Period=2y | Interval=1wk
2026-06-14 18:38:54,332 | INFO | Downloading HCLTECH.NS | Period=1y | Interval=1d
2026-06-14 18:38:54,775 | INFO | Downloading HCLTECH.NS | Period=1y | Interval=1d
2026-06-14 18:38:55,195 | INFO | Downloading HCLTECH.NS | Period=2y | Interval=1wk
2026-06-14 18:38:55,638 | INFO | Downloading ASIANPAINT.NS | Period=1y | Interval=1d
2026-06-14 18:38:56,077 | INFO | Downloading ASIANPAINT.NS | Period=1y | Interval=1d
2026-06-14 18:38:56,605 | INFO | Downloading ASIANPAINT.NS | Period=2y | Interval=1wk
2026-06-14 18:38:57,060 | INFO | Downloading MARUTI.NS | Period=1y | Interval=1d
2026-06-14 18:38:57,575 | INFO | Downloading MARUTI.NS | Period=1y | Interval=1d
2026-06-14 18:38:58,060 | INFO | Downloading MARUTI.NS | Period=2y | Interval=1wk
2026-06-14 18:38:58,494 | INFO | Downloading SUNPHARMA.NS | Period=1y | Interval=1d
2026-06-14 18:38:59,074 | INFO | Downloading SUNPHARMA.NS | Period=1y | Interval=1d
2026-06-14 18:38:59,488 | INFO | Downloading SUNPHARMA.NS | Period=2y | Interval=1wk
2026-06-14 18:39:34,398 | INFO | Downloading TCS.NS | Period=2y | Interval=1d
